\BOOKMARK [1][-]{section.0.1}{Abstract}{}% 1
\BOOKMARK [1][-]{section.0.2}{Sammendrag}{}% 2
\BOOKMARK [1][-]{section.0.3}{Acknowledgments}{}% 3
\BOOKMARK [1][-]{section.0.4}{For experienced readers}{}% 4
\BOOKMARK [1][-]{section.0.5}{Introduction}{}% 5
\BOOKMARK [1][-]{section.0.6}{Overview of the thesis}{}% 6
\BOOKMARK [0][-]{chapter.1}{DG-algebras}{}% 7
\BOOKMARK [1][-]{section.1.1}{Motivation}{chapter.1}% 8
\BOOKMARK [1][-]{section.1.2}{Our algebraic model}{chapter.1}% 9
\BOOKMARK [1][-]{section.1.3}{Formality}{chapter.1}% 10
\BOOKMARK [1][-]{section.1.4}{Model categories}{chapter.1}% 11
\BOOKMARK [2][-]{subsection.1.4.1}{Constructions in model categories}{section.1.4}% 12
\BOOKMARK [1][-]{section.1.5}{The homotopy theory of DG-algebras}{chapter.1}% 13
\BOOKMARK [2][-]{subsection.1.5.1}{More formality}{section.1.5}% 14
\BOOKMARK [0][-]{chapter.2}{Massey products}{}% 15
\BOOKMARK [1][-]{section.2.1}{Motivation}{chapter.2}% 16
\BOOKMARK [1][-]{section.2.2}{The inaccessible information}{chapter.2}% 17
\BOOKMARK [1][-]{section.2.3}{Relation to formality}{chapter.2}% 18
\BOOKMARK [0][-]{chapter.3}{A-algebras}{}% 19
\BOOKMARK [1][-]{section.3.1}{Motivation}{chapter.3}% 20
\BOOKMARK [1][-]{section.3.2}{Deformation retraction}{chapter.3}% 21
\BOOKMARK [1][-]{section.3.3}{The generalized algebraic model}{chapter.3}% 22
\BOOKMARK [2][-]{subsection.3.3.1}{Relation to the boundary operator}{section.3.3}% 23
\BOOKMARK [2][-]{subsection.3.3.2}{Morphisms of A-algebras}{section.3.3}% 24
\BOOKMARK [2][-]{subsection.3.3.3}{Visualization using rooted trees}{section.3.3}% 25
\BOOKMARK [2][-]{subsection.3.3.4}{Visualization of morphisms using rooted trees}{section.3.3}% 26
\BOOKMARK [1][-]{section.3.4}{Kadeishvili's theorem}{chapter.3}% 27
\BOOKMARK [2][-]{subsection.3.4.1}{Connection to formality}{section.3.4}% 28
\BOOKMARK [1][-]{section.3.5}{Uniform vanishing}{chapter.3}% 29
\BOOKMARK [0][-]{chapter.4}{An application}{}% 30
\BOOKMARK [1][-]{section.4.1}{Motivation}{chapter.4}% 31
\BOOKMARK [1][-]{section.4.2}{Lusternik-Schnirelmann category 1 spaces}{chapter.4}% 32
\BOOKMARK [1][-]{section.4.3}{Summary and last thoughts}{chapter.4}% 33
\BOOKMARK [0][-]{appendix.A}{Alternative construction of triple Massey products}{}% 34
\BOOKMARK [0][-]{appendix.B}{Alternative description of the model structure on DGA}{}% 35
